  Animation.cpp
c:\users\alanfok\desktop\a1 - copy\framework\source\animation.cpp(212): warning C4244: 'initializing': conversion from '_Ty' to 'int', possible loss of data
          with
          [
              _Ty=float
          ]
c:\users\alanfok\desktop\a1 - copy\framework\source\animation.cpp(217): warning C4018: '<': signed/unsigned mismatch
  Camera.cpp
  CubeModel.cpp
  EventManager.cpp
  FirstPersonCamera.cpp
  main.cpp
  Model.cpp
  Renderer.cpp
  SphereModel.cpp
  StaticCamera.cpp
  World.cpp
  Generating Code...
LINK : warning LNK4098: defaultlib 'LIBCMT' conflicts with use of other libs; use /NODEFAULTLIB:library
LINK : warning LNK4098: defaultlib 'MSVCRT' conflicts with use of other libs; use /NODEFAULTLIB:library
glew32s.lib(glew.obj) : warning LNK4099: PDB 'vc120.pdb' was not found with 'glew32s.lib(glew.obj)' or at 'C:\Users\alanfok\Desktop\A1 - Copy\Framework\Bin\vc120.pdb'; linking object as if no debug info
  Assignment1.vcxproj -> C:\Users\alanfok\Desktop\A1 - Copy\Framework\VS2017\/../Bin/Assignment1-Debug.exe
